15:26:38.634 [main] INFO  test_cases.Tc_001_AccountRegistration - ***test start********
15:26:40.446 [main] INFO  test_cases.Tc_001_AccountRegistration - ******test finish*****
15:40:41.280 [TestNG-tests-1] INFO  test_cases.Tc_001_AccountRegistration - ***test start********
15:40:43.035 [TestNG-tests-2] INFO  test_cases.Tc_001_AccountRegistration - ***test start********
15:40:43.563 [TestNG-tests-1] INFO  test_cases.Tc_001_AccountRegistration - ******test finish*****
15:40:45.264 [TestNG-tests-2] INFO  test_cases.Tc_001_AccountRegistration - ******test finish*****
15:41:33.816 [main] INFO  test_cases.Tc_001_AccountRegistration - ***test start********
15:41:35.621 [main] INFO  test_cases.Tc_001_AccountRegistration - ******test finish*****
15:53:55.975 [main] INFO  test_cases.Tc_001_AccountRegistration - ***test start********
15:53:57.809 [main] INFO  test_cases.Tc_001_AccountRegistration - ******test finish*****
20:49:20.059 [main] INFO  test_cases.Tc_001_AccountRegistration - ***test start********
20:49:23.414 [main] INFO  test_cases.Tc_001_AccountRegistration - ******test finish*****
20:50:05.881 [TestNG-tests-1] INFO  test_cases.Tc_001_AccountRegistration - ***test start********
20:50:09.338 [TestNG-tests-1] INFO  test_cases.Tc_001_AccountRegistration - ******test finish*****
20:51:10.975 [TestNG-tests-2] INFO  test_cases.Tc_001_AccountRegistration - ***test start********
20:51:14.927 [TestNG-tests-2] INFO  test_cases.Tc_001_AccountRegistration - ******test finish*****
16:21:36.945 [main] DEBUG io.netty.util.internal.logging.InternalLoggerFactory - Using Log4J2 as the default logging framework
16:21:36.955 [main] DEBUG io.netty.util.ResourceLeakDetector - -Dio.netty.leakDetection.level: simple
16:21:36.955 [main] DEBUG io.netty.util.ResourceLeakDetector - -Dio.netty.leakDetection.targetRecords: 4
16:21:36.960 [main] DEBUG io.netty.util.ResourceLeakDetectorFactory - Loaded default ResourceLeakDetector: io.netty.util.ResourceLeakDetector@5e671e20
16:21:36.980 [main] DEBUG io.netty.util.internal.PlatformDependent0 - -Dio.netty.noUnsafe: false
16:21:36.980 [main] DEBUG io.netty.util.internal.PlatformDependent0 - Java version: 19
16:21:36.981 [main] DEBUG io.netty.util.internal.PlatformDependent0 - sun.misc.Unsafe.theUnsafe: available
16:21:36.982 [main] DEBUG io.netty.util.internal.PlatformDependent0 - sun.misc.Unsafe.copyMemory: available
16:21:36.983 [main] DEBUG io.netty.util.internal.PlatformDependent0 - sun.misc.Unsafe.storeFence: available
16:21:36.985 [main] DEBUG io.netty.util.internal.PlatformDependent0 - java.nio.Buffer.address: available
16:21:36.985 [main] DEBUG io.netty.util.internal.PlatformDependent0 - direct buffer constructor: unavailable: Reflective setAccessible(true) disabled
16:21:36.986 [main] DEBUG io.netty.util.internal.PlatformDependent0 - java.nio.Bits.unaligned: available, true
16:21:36.988 [main] DEBUG io.netty.util.internal.PlatformDependent0 - jdk.internal.misc.Unsafe.allocateUninitializedArray(int): unavailable: class io.netty.util.internal.PlatformDependent0$7 cannot access class jdk.internal.misc.Unsafe (in module java.base) because module java.base does not export jdk.internal.misc to unnamed module @7e32c033
16:21:36.990 [main] DEBUG io.netty.util.internal.PlatformDependent0 - java.nio.DirectByteBuffer.<init>(long, {int,long}): unavailable
16:21:36.990 [main] DEBUG io.netty.util.internal.PlatformDependent - sun.misc.Unsafe: available
16:21:36.993 [main] DEBUG io.netty.util.internal.PlatformDependent - maxDirectMemory: 2076180480 bytes (maybe)
16:21:36.993 [main] DEBUG io.netty.util.internal.PlatformDependent - -Dio.netty.tmpdir: C:\Users\parth chauhan\AppData\Local\Temp (java.io.tmpdir)
16:21:36.993 [main] DEBUG io.netty.util.internal.PlatformDependent - -Dio.netty.bitMode: 64 (sun.arch.data.model)
16:21:36.994 [main] DEBUG io.netty.util.internal.PlatformDependent - Platform: Windows
16:21:36.995 [main] DEBUG io.netty.util.internal.PlatformDependent - -Dio.netty.maxDirectMemory: -1 bytes
16:21:36.995 [main] DEBUG io.netty.util.internal.PlatformDependent - -Dio.netty.uninitializedArrayAllocationThreshold: -1
16:21:36.996 [main] DEBUG io.netty.util.internal.CleanerJava9 - java.nio.ByteBuffer.cleaner(): available
16:21:36.997 [main] DEBUG io.netty.util.internal.PlatformDependent - -Dio.netty.noPreferDirect: false
16:21:37.006 [main] DEBUG io.netty.util.internal.PlatformDependent - org.jctools-core.MpscChunkedArrayQueue: available
16:21:37.030 [main] DEBUG io.netty.util.internal.InternalThreadLocalMap - -Dio.netty.threadLocalMap.stringBuilder.initialSize: 1024
16:21:37.030 [main] DEBUG io.netty.util.internal.InternalThreadLocalMap - -Dio.netty.threadLocalMap.stringBuilder.maxSize: 4096
16:21:37.048 [main] DEBUG io.netty.handler.ssl.JdkSslContext - Default protocols (JDK): [TLSv1.3, TLSv1.2] 
16:21:37.048 [main] DEBUG io.netty.handler.ssl.JdkSslContext - Default cipher suites (JDK): [TLS_ECDHE_ECDSA_WITH_AES_256_GCM_SHA384, TLS_ECDHE_ECDSA_WITH_AES_128_GCM_SHA256, TLS_ECDHE_RSA_WITH_AES_128_GCM_SHA256, TLS_ECDHE_RSA_WITH_AES_256_GCM_SHA384, TLS_ECDHE_RSA_WITH_AES_128_CBC_SHA, TLS_ECDHE_RSA_WITH_AES_256_CBC_SHA, TLS_RSA_WITH_AES_128_GCM_SHA256, TLS_RSA_WITH_AES_128_CBC_SHA, TLS_RSA_WITH_AES_256_CBC_SHA, TLS_AES_128_GCM_SHA256, TLS_AES_256_GCM_SHA384]
16:21:37.066 [main] DEBUG io.netty.util.concurrent.GlobalEventExecutor - -Dio.netty.globalEventExecutor.quietPeriodSeconds: 1
16:21:37.085 [main] DEBUG io.netty.channel.MultithreadEventLoopGroup - -Dio.netty.eventLoopThreads: 16
16:21:37.099 [main] DEBUG io.netty.channel.nio.NioEventLoop - -Dio.netty.noKeySetOptimization: false
16:21:37.099 [main] DEBUG io.netty.channel.nio.NioEventLoop - -Dio.netty.selectorAutoRebuildThreshold: 512
16:21:37.169 [main] DEBUG io.netty.buffer.PooledByteBufAllocator - -Dio.netty.allocator.numHeapArenas: 16
16:21:37.170 [main] DEBUG io.netty.buffer.PooledByteBufAllocator - -Dio.netty.allocator.numDirectArenas: 16
16:21:37.170 [main] DEBUG io.netty.buffer.PooledByteBufAllocator - -Dio.netty.allocator.pageSize: 8192
16:21:37.170 [main] DEBUG io.netty.buffer.PooledByteBufAllocator - -Dio.netty.allocator.maxOrder: 9
16:21:37.170 [main] DEBUG io.netty.buffer.PooledByteBufAllocator - -Dio.netty.allocator.chunkSize: 4194304
16:21:37.170 [main] DEBUG io.netty.buffer.PooledByteBufAllocator - -Dio.netty.allocator.smallCacheSize: 256
16:21:37.170 [main] DEBUG io.netty.buffer.PooledByteBufAllocator - -Dio.netty.allocator.normalCacheSize: 64
16:21:37.170 [main] DEBUG io.netty.buffer.PooledByteBufAllocator - -Dio.netty.allocator.maxCachedBufferCapacity: 32768
16:21:37.171 [main] DEBUG io.netty.buffer.PooledByteBufAllocator - -Dio.netty.allocator.cacheTrimInterval: 8192
16:21:37.171 [main] DEBUG io.netty.buffer.PooledByteBufAllocator - -Dio.netty.allocator.cacheTrimIntervalMillis: 0
16:21:37.171 [main] DEBUG io.netty.buffer.PooledByteBufAllocator - -Dio.netty.allocator.useCacheForAllThreads: false
16:21:37.171 [main] DEBUG io.netty.buffer.PooledByteBufAllocator - -Dio.netty.allocator.maxCachedByteBuffersPerChunk: 1023
16:21:37.186 [main] DEBUG io.netty.buffer.ByteBufUtil - -Dio.netty.allocator.type: pooled
16:21:37.187 [main] DEBUG io.netty.buffer.ByteBufUtil - -Dio.netty.threadLocalDirectBufferSize: 0
16:21:37.187 [main] DEBUG io.netty.buffer.ByteBufUtil - -Dio.netty.maxThreadLocalCharBufferSize: 16384
16:21:38.418 [Forwarding newSession on session null to remote] DEBUG io.netty.channel.DefaultChannelId - -Dio.netty.processId: 17096 (auto-detected)
16:21:38.420 [Forwarding newSession on session null to remote] DEBUG io.netty.util.NetUtil - -Djava.net.preferIPv4Stack: false
16:21:38.421 [Forwarding newSession on session null to remote] DEBUG io.netty.util.NetUtil - -Djava.net.preferIPv6Addresses: false
16:21:38.436 [Forwarding newSession on session null to remote] DEBUG io.netty.util.NetUtilInitializations - Loopback interface: lo (Software Loopback Interface 1, 127.0.0.1)
16:21:38.437 [Forwarding newSession on session null to remote] DEBUG io.netty.util.NetUtil - Failed to get SOMAXCONN from sysctl and file \proc\sys\net\core\somaxconn. Default: 200
16:21:38.455 [Forwarding newSession on session null to remote] DEBUG io.netty.channel.DefaultChannelId - -Dio.netty.machineId: 94:e2:3c:ff:fe:ea:0c:45 (auto-detected)
16:21:38.504 [AsyncHttpClient-1-2] DEBUG io.netty.buffer.AbstractByteBuf - -Dio.netty.buffer.checkAccessible: true
16:21:38.505 [AsyncHttpClient-1-2] DEBUG io.netty.buffer.AbstractByteBuf - -Dio.netty.buffer.checkBounds: true
16:21:38.505 [AsyncHttpClient-1-2] DEBUG io.netty.util.ResourceLeakDetectorFactory - Loaded default ResourceLeakDetector: io.netty.util.ResourceLeakDetector@5743bc15
16:21:38.538 [AsyncHttpClient-1-2] DEBUG io.netty.util.Recycler - -Dio.netty.recycler.maxCapacityPerThread: 4096
16:21:38.538 [AsyncHttpClient-1-2] DEBUG io.netty.util.Recycler - -Dio.netty.recycler.ratio: 8
16:21:38.538 [AsyncHttpClient-1-2] DEBUG io.netty.util.Recycler - -Dio.netty.recycler.chunkSize: 32
16:21:38.538 [AsyncHttpClient-1-2] DEBUG io.netty.util.Recycler - -Dio.netty.recycler.blocking: false
16:21:38.538 [AsyncHttpClient-1-2] DEBUG io.netty.util.Recycler - -Dio.netty.recycler.batchFastThreadLocalOnly: true
16:21:39.423 [AsyncHttpClient-1-2] DEBUG io.netty.handler.codec.compression.Brotli - brotli4j not in the classpath; Brotli support will be unavailable.
16:21:39.570 [main] DEBUG io.netty.util.internal.ThreadLocalRandom - -Dio.netty.initialSeedUniquifier: 0xefda7782fe998cbd
16:21:55.049 [main] INFO  test_cases.Tc_001_AccountRegistration - ***test start********
16:21:58.339 [main] INFO  test_cases.Tc_001_AccountRegistration - ******test finish*****
16:35:44.367 [main] INFO  test_cases.Tc_001_AccountRegistration - ***test start********
16:35:51.228 [main] INFO  test_cases.Tc_001_AccountRegistration - ******test finish*****
17:14:54.895 [main] INFO  test_cases.Tc_001_AccountRegistration - ***test start********
17:15:01.210 [main] INFO  test_cases.Tc_001_AccountRegistration - ******test finish*****
17:17:14.746 [main] INFO  test_cases.Tc_001_AccountRegistration - ***test start********
17:17:19.488 [main] INFO  test_cases.Tc_001_AccountRegistration - ******test finish*****
17:21:25.307 [main] INFO  test_cases.Tc_001_AccountRegistration - ***test start********
17:21:30.107 [main] INFO  test_cases.Tc_001_AccountRegistration - ******test finish*****
01:27:41.792 [main] INFO  test_cases.Tc_001_AccountRegistration - ***test start********
01:27:48.747 [main] INFO  test_cases.Tc_001_AccountRegistration - ******test finish*****
01:29:29.030 [main] INFO  test_cases.Tc_001_AccountRegistration - ***test start********
01:29:40.135 [main] INFO  test_cases.Tc_001_AccountRegistration - ******test finish*****
22:28:21.097 [main] INFO  test_cases.Tc_001_AccountRegistration - ***test start********
22:31:58.712 [main] INFO  test_cases.Tc_001_AccountRegistration - ***test start********
22:32:05.565 [main] INFO  test_cases.Tc_001_AccountRegistration - ******test finish*****
22:39:12.677 [main] INFO  test_cases.Tc_001_AccountRegistration - ***test start********
23:55:35.078 [main] INFO  test_cases.Tc_001_AccountRegistration - ***test start********
23:55:42.985 [main] INFO  test_cases.Tc_001_AccountRegistration - ******test finish*****
00:22:36.721 [main] INFO  test_cases.Tc_001_AccountRegistration - ***test start********
00:22:51.010 [main] INFO  test_cases.Tc_001_AccountRegistration - ******test finish*****
00:32:29.443 [TestNG-tests-1] INFO  test_cases.Tc_001_AccountRegistration - ***test start********
00:32:37.434 [TestNG-tests-1] INFO  test_cases.Tc_001_AccountRegistration - ******test finish*****
00:40:21.349 [main] INFO  test_cases.Tc_001_AccountRegistration - ***test start********
00:40:28.055 [main] INFO  test_cases.Tc_001_AccountRegistration - ******test finish*****
00:48:40.361 [main] INFO  test_cases.Tc_001_AccountRegistration - ***test start********
00:48:46.774 [main] INFO  test_cases.Tc_001_AccountRegistration - ******test finish*****
01:12:02.249 [main] INFO  test_cases.Tc_001_AccountRegistration - ***test start********
01:12:08.148 [main] INFO  test_cases.Tc_001_AccountRegistration - ******test finish*****
01:15:20.692 [main] INFO  test_cases.Tc_001_AccountRegistration - ***test start********
01:15:26.784 [main] INFO  test_cases.Tc_001_AccountRegistration - ******test finish*****
01:57:15.919 [main] INFO  test_cases.Tc_001_AccountRegistration - ***test start********
01:57:21.181 [main] INFO  test_cases.Tc_001_AccountRegistration - ******test finish*****
01:59:41.506 [main] INFO  test_cases.Tc_001_AccountRegistration - ***test start********
01:59:46.755 [main] INFO  test_cases.Tc_001_AccountRegistration - ******test finish*****
14:32:19.282 [main] INFO  test_cases.Tc_001_AccountRegistration - ***test start********
14:32:25.210 [main] INFO  test_cases.Tc_001_AccountRegistration - ******test finish*****
14:33:01.969 [main] INFO  test_cases.Tc_001_AccountRegistration - ***test start********
14:33:07.895 [main] INFO  test_cases.Tc_001_AccountRegistration - ******test finish*****
14:34:14.087 [main] INFO  test_cases.Tc_001_AccountRegistration - ***test start********
14:34:19.745 [main] INFO  test_cases.Tc_001_AccountRegistration - ******test finish*****
17:26:59.950 [main] INFO  test_cases.Tc_001_AccountRegistration - ***test start********
17:27:05.522 [main] INFO  test_cases.Tc_001_AccountRegistration - ******test finish*****
17:27:50.944 [main] INFO  test_cases.Tc_001_AccountRegistration - ***test start********
17:27:56.857 [main] INFO  test_cases.Tc_001_AccountRegistration - ******test finish*****
17:29:14.085 [main] INFO  test_cases.Tc_001_AccountRegistration - ***test start********
17:29:20.817 [main] INFO  test_cases.Tc_001_AccountRegistration - ******test finish*****
17:45:05.616 [main] INFO  test_cases.Tc_001_AccountRegistration - ***test start********
17:45:10.574 [main] INFO  test_cases.Tc_001_AccountRegistration - ******test finish*****
17:47:00.397 [main] INFO  test_cases.Tc_001_AccountRegistration - ***test start********
17:47:05.502 [main] INFO  test_cases.Tc_001_AccountRegistration - ******test finish*****
19:14:17.139 [main] INFO  test_cases.Tc_001_AccountRegistration - ***test start********
19:14:22.334 [main] INFO  test_cases.Tc_001_AccountRegistration - ******test finish*****
